<?xml version="1.0" encoding="UTF-8"?>
<!-- Generated by org.testng.reporters.JUnitReportReporter -->
<testsuite hostname="DESKTOP-V1N7MOA" failures="0" tests="1" name="com.inetBanking.testCases.TC_Login_Test_001" time="38.719" errors="0" timestamp="06 Dec 2023 17:08:38 GMT" skipped="0">
  <testcase classname="com.inetBanking.testCases.TC_Login_Test_001" name="loginTest" time="38.719"/>
</testsuite> <!-- com.inetBanking.testCases.TC_Login_Test_001 -->
