<?xml version="1.0" encoding="UTF-8"?>
<!-- Generated by org.testng.reporters.JUnitReportReporter -->
<testsuite hostname="DESKTOP-V1N7MOA" failures="0" tests="1" name="com.inetBanking.testCases.TC_LoginDDT_002" time="19.259" errors="0" timestamp="09 Dec 2023 15:46:05 GMT" skipped="0">
  <testcase classname="com.inetBanking.testCases.TC_LoginDDT_002" name="loginDDT" time="19.259"/>
</testsuite> <!-- com.inetBanking.testCases.TC_LoginDDT_002 -->
